<?xml version="1.0" encoding="UTF-8" ?>
<testsuite failures="0" time="8.421" errors="0" skipped="0" tests="4" name="com.jiang.seven.test.TestMyBatise">
  <properties>
[...]
</properties>
  <testcase time="6.701" classname="com.jiang.seven.test.TestMyBatise" name="testList1"/>
  <testcase time="0.675" classname="com.jiang.seven.test.TestMyBatise" name="testList2"/>
  <testcase time="0.497" classname="com.jiang.seven.test.TestMyBatise" name="testList"/>
  <testcase time="0.472" classname="com.jiang.seven.test.TestMyBatise" name="test1"/>
</testsuite>